Using pre-set license
Built from '2022.3/staging' branch; Version is '2022.3.6f1 (b9e6e7e9fa2d) revision 12183271'; Using compiler version '192829333'; Build Type 'Release'
OS: 'Windows 10  (10.0.19045) 64bit Core' Language: 'en' Physical Memory: 7893 MB
BatchMode: 1, IsHumanControllingUs: 0, StartBugReporterOnCrash: 0, Is64bit: 1, IsPro: 1

COMMAND LINE ARGUMENTS:
C:\Program Files\Unity\Hub\Editor\2022.3.6f1\Editor\Unity.exe
-adb2
-batchMode
-noUpm
-name
AssetImportWorker3
-projectPath
C:/Users/user/Documents/.Uni/CCTP/ProcCGen
-logFile
Logs/AssetImportWorker3.log
-srvPort
54216
Successfully changed project path to: C:/Users/user/Documents/.Uni/CCTP/ProcCGen
C:/Users/user/Documents/.Uni/CCTP/ProcCGen
[UnityMemory] Configuration Parameters - Can be set up in boot.config
    "memorysetup-bucket-allocator-granularity=16"
    "memorysetup-bucket-allocator-bucket-count=8"
    "memorysetup-bucket-allocator-block-size=33554432"
    "memorysetup-bucket-allocator-block-count=8"
    "memorysetup-main-allocator-block-size=16777216"
    "memorysetup-thread-allocator-block-size=16777216"
    "memorysetup-gfx-main-allocator-block-size=16777216"
    "memorysetup-gfx-thread-allocator-block-size=16777216"
    "memorysetup-cache-allocator-block-size=4194304"
    "memorysetup-typetree-allocator-block-size=2097152"
    "memorysetup-profiler-bucket-allocator-granularity=16"
    "memorysetup-profiler-bucket-allocator-bucket-count=8"
    "memorysetup-profiler-bucket-allocator-block-size=33554432"
    "memorysetup-profiler-bucket-allocator-block-count=8"
    "memorysetup-profiler-allocator-block-size=16777216"
    "memorysetup-profiler-editor-allocator-block-size=1048576"
    "memorysetup-temp-allocator-size-main=16777216"
    "memorysetup-job-temp-allocator-block-size=2097152"
    "memorysetup-job-temp-allocator-block-size-background=1048576"
    "memorysetup-job-temp-allocator-reduction-small-platforms=262144"
    "memorysetup-allocator-temp-initial-block-size-main=262144"
    "memorysetup-allocator-temp-initial-block-size-worker=262144"
    "memorysetup-temp-allocator-size-background-worker=32768"
    "memorysetup-temp-allocator-size-job-worker=262144"
    "memorysetup-temp-allocator-size-preload-manager=33554432"
    "memorysetup-temp-allocator-size-nav-mesh-worker=65536"
    "memorysetup-temp-allocator-size-audio-worker=65536"
    "memorysetup-temp-allocator-size-cloud-worker=32768"
    "memorysetup-temp-allocator-size-gi-baking-worker=262144"
    "memorysetup-temp-allocator-size-gfx=262144"
Player connection [14484] Host "[IP] 192.168.1.212 [Port] 0 [Flags] 2 [Guid] 1583096310 [EditorId] 1583096310 [Version] 1048832 [Id] WindowsEditor(7,MSI) [Debug] 1 [PackageName] WindowsEditor [ProjectName] Editor" joined multi-casting on [225.0.0.222:54997]...

Player connection [14484] Host "[IP] 192.168.1.212 [Port] 0 [Flags] 2 [Guid] 1583096310 [EditorId] 1583096310 [Version] 1048832 [Id] WindowsEditor(7,MSI) [Debug] 1 [PackageName] WindowsEditor [ProjectName] Editor" joined alternative multi-casting on [225.0.0.222:34997]...

Refreshing native plugins compatible for Editor in 14.43 ms, found 3 plugins.
Preloading 0 native plugins for Editor in 0.00 ms.
Initialize engine version: 2022.3.6f1 (b9e6e7e9fa2d)
[Subsystems] Discovering subsystems at path C:/Program Files/Unity/Hub/Editor/2022.3.6f1/Editor/Data/Resources/UnitySubsystems
[Subsystems] Discovering subsystems at path C:/Users/user/Documents/.Uni/CCTP/ProcCGen/Assets
GfxDevice: creating device client; threaded=0; jobified=0
Direct3D:
    Version:  Direct3D 11.0 [level 11.1]
    Renderer: NVIDIA GeForce RTX 3050 Ti Laptop GPU (ID=0x25a0)
    Vendor:   NVIDIA
    VRAM:     3976 MB
    Driver:   31.0.15.3734
Initialize mono
Mono path[0] = 'C:/Program Files/Unity/Hub/Editor/2022.3.6f1/Editor/Data/Managed'
Mono path[1] = 'C:/Program Files/Unity/Hub/Editor/2022.3.6f1/Editor/Data/MonoBleedingEdge/lib/mono/unityjit-win32'
Mono config path = 'C:/Program Files/Unity/Hub/Editor/2022.3.6f1/Editor/Data/MonoBleedingEdge/etc'
Using monoOptions --debugger-agent=transport=dt_socket,embedding=1,server=y,suspend=n,address=127.0.0.1:56336
Begin MonoManager ReloadAssembly
Registering precompiled unity dll's ...
Register platform support module: C:/Program Files/Unity/Hub/Editor/2022.3.6f1/Editor/Data/PlaybackEngines/WebGLSupport/UnityEditor.WebGL.Extensions.dll
Register platform support module: C:/Program Files/Unity/Hub/Editor/2022.3.6f1/Editor/Data/PlaybackEngines/WindowsStandaloneSupport/UnityEditor.WindowsStandalone.Extensions.dll
Registered in 0.013402 seconds.
- Loaded All Assemblies, in  0.514 seconds
Native extension for WindowsStandalone target not found
Native extension for WebGL target not found
Mono: successfully reloaded assembly
- Finished resetting the current domain, in  0.392 seconds
Domain Reload Profiling: 902ms
	BeginReloadAssembly (138ms)
		ExecutionOrderSort (0ms)
		DisableScriptedObjects (0ms)
		BackupInstance (0ms)
		ReleaseScriptingObjects (0ms)
		CreateAndSetChildDomain (1ms)
	RebuildCommonClasses (54ms)
	RebuildNativeTypeToScriptingClass (19ms)
	initialDomainReloadingComplete (82ms)
	LoadAllAssembliesAndSetupDomain (217ms)
		LoadAssemblies (135ms)
		RebuildTransferFunctionScriptingTraits (0ms)
		AnalyzeDomain (206ms)
			TypeCache.Refresh (205ms)
				TypeCache.ScanAssembly (186ms)
			ScanForSourceGeneratedMonoScriptInfo (1ms)
			ResolveRequiredComponents (1ms)
	FinalizeReload (393ms)
		ReleaseScriptCaches (0ms)
		RebuildScriptCaches (0ms)
		SetupLoadedEditorAssemblies (306ms)
			LogAssemblyErrors (0ms)
			InitializePlatformSupportModulesInManaged (21ms)
			SetLoadedEditorAssemblies (9ms)
			RefreshPlugins (0ms)
			BeforeProcessingInitializeOnLoad (3ms)
			ProcessInitializeOnLoadAttributes (200ms)
			ProcessInitializeOnLoadMethodAttributes (73ms)
			AfterProcessingInitializeOnLoad (0ms)
			EditorAssembliesLoaded (0ms)
		ExecutionOrderSort2 (0ms)
		AwakeInstancesAfterBackupRestoration (0ms)
========================================================================
Worker process is ready to serve import requests
Begin MonoManager ReloadAssembly
Symbol file LoadedFromMemory doesn't match image C:\Users\user\Documents\.Uni\CCTP\ProcCGen\Library\PackageCache\com.unity.visualscripting@1.8.0\Editor\VisualScripting.Core\Dependencies\YamlDotNet\Unity.VisualScripting.YamlDotNet.dll
Symbol file LoadedFromMemory doesn't match image C:\Users\user\Documents\.Uni\CCTP\ProcCGen\Library\PackageCache\com.unity.visualscripting@1.8.0\Editor\VisualScripting.Core\Dependencies\DotNetZip\Unity.VisualScripting.IonicZip.dll
- Loaded All Assemblies, in  1.480 seconds
Refreshing native plugins compatible for Editor in 3.79 ms, found 3 plugins.
Native extension for WindowsStandalone target not found
Native extension for WebGL target not found
Mono: successfully reloaded assembly
- Finished resetting the current domain, in  0.732 seconds
Domain Reload Profiling: 2208ms
	BeginReloadAssembly (235ms)
		ExecutionOrderSort (0ms)
		DisableScriptedObjects (10ms)
		BackupInstance (0ms)
		ReleaseScriptingObjects (0ms)
		CreateAndSetChildDomain (39ms)
	RebuildCommonClasses (74ms)
	RebuildNativeTypeToScriptingClass (20ms)
	initialDomainReloadingComplete (76ms)
	LoadAllAssembliesAndSetupDomain (1071ms)
		LoadAssemblies (660ms)
		RebuildTransferFunctionScriptingTraits (0ms)
		AnalyzeDomain (529ms)
			TypeCache.Refresh (498ms)
				TypeCache.ScanAssembly (475ms)
			ScanForSourceGeneratedMonoScriptInfo (21ms)
			ResolveRequiredComponents (9ms)
	FinalizeReload (733ms)
		ReleaseScriptCaches (0ms)
		RebuildScriptCaches (0ms)
		SetupLoadedEditorAssemblies (502ms)
			LogAssemblyErrors (0ms)
			InitializePlatformSupportModulesInManaged (9ms)
			SetLoadedEditorAssemblies (5ms)
			RefreshPlugins (0ms)
			BeforeProcessingInitializeOnLoad (84ms)
			ProcessInitializeOnLoadAttributes (370ms)
			ProcessInitializeOnLoadMethodAttributes (24ms)
			AfterProcessingInitializeOnLoad (10ms)
			EditorAssembliesLoaded (0ms)
		ExecutionOrderSort2 (0ms)
		AwakeInstancesAfterBackupRestoration (8ms)
Launched and connected shader compiler UnityShaderCompiler.exe after 0.08 seconds
Refreshing native plugins compatible for Editor in 4.29 ms, found 3 plugins.
Preloading 0 native plugins for Editor in 0.00 ms.
Unloading 3066 Unused Serialized files (Serialized files now loaded: 0)
Unloading 31 unused Assets / (56.4 KB). Loaded Objects now: 3528.
Memory consumption went from 116.7 MB to 116.6 MB.
Total: 7.960600 ms (FindLiveObjects: 0.561200 ms CreateObjectMapping: 0.265300 ms MarkObjects: 5.696700 ms  DeleteObjects: 1.435700 ms)

AssetImportParameters requested are different than current active one (requested -> active):
  custom:container-demuxer-ogg: 62fdf1f143b41e24485cea50d1cbac27 -> 
  custom:video-decoder-ogg-theora: a1e56fd34408186e4bbccfd4996cb3dc -> 
  custom:framework-win-MediaFoundation: 216162199b28c13a410421893ffa2e32 -> 
  custom:container-demuxer-webm: 4f35f7cbe854078d1ac9338744f61a02 -> 
  custom:container-muxer-webm: aa71ff27fc2769a1b78a27578f13a17b -> 
  custom:video-decoder-webm-vp8: 9c59270c3fd7afecdb556c50c9e8de78 -> 
  custom:AudioImporter_EditorPlatform: d09bf68614088b80899f8185d706f6e7 -> 
  custom:video-encoder-webm-vp8: eb34c28f22e8b96e1ab97ce403110664 -> 
  custom:audio-decoder-ogg-vorbis: bf7c407c2cedff20999df2af8eb42d56 -> 
  custom:audio-encoder-webm-vorbis: bf7c407c2cedff20999df2af8eb42d56 -> 
========================================================================
Received Import Request.
  Time since last request: 273536.062515 seconds.
  path: Assets/Medieval Town (base)/Wood_Door_01.obj
  artifactKey: Guid(d4ac3089910faab48960bebddaaeee03) Importer(815301076,1909f56bfc062723c751e8b465ee728b)
Start importing Assets/Medieval Town (base)/Wood_Door_01.obj using Guid(d4ac3089910faab48960bebddaaeee03) Importer(815301076,1909f56bfc062723c751e8b465ee728b)  -> (artifact id: '8eefaf1328d0fdad1d51727dd82a04d5') in 0.191312 seconds
Number of updated asset objects reloaded before import = 0
Number of asset objects unloaded after import = 10
========================================================================
Received Import Request.
  Time since last request: 0.000054 seconds.
  path: Assets/Medieval Town (base)/Roof_Straight_Red_01.obj
  artifactKey: Guid(f3fda4a879700cb4e96af72dc7721e71) Importer(815301076,1909f56bfc062723c751e8b465ee728b)
Start importing Assets/Medieval Town (base)/Roof_Straight_Red_01.obj using Guid(f3fda4a879700cb4e96af72dc7721e71) Importer(815301076,1909f56bfc062723c751e8b465ee728b)  -> (artifact id: '7fae52309d7830940eae99d17798a62a') in 0.032966 seconds
Number of updated asset objects reloaded before import = 0
Number of asset objects unloaded after import = 13
========================================================================
Received Prepare
Refreshing native plugins compatible for Editor in 5.89 ms, found 3 plugins.
Preloading 0 native plugins for Editor in 0.00 ms.
Unloading 0 Unused Serialized files (Serialized files now loaded: 0)
Unloading 1 unused Assets / (0.8 KB). Loaded Objects now: 3540.
Memory consumption went from 72.8 MB to 72.8 MB.
Total: 8.591600 ms (FindLiveObjects: 1.067800 ms CreateObjectMapping: 0.165800 ms MarkObjects: 7.224300 ms  DeleteObjects: 0.129600 ms)

Prepare: number of updated asset objects reloaded= 0
AssetImportParameters requested are different than current active one (requested -> active):
  custom:container-demuxer-ogg: 62fdf1f143b41e24485cea50d1cbac27 -> 
  custom:video-decoder-ogg-theora: a1e56fd34408186e4bbccfd4996cb3dc -> 
  custom:framework-win-MediaFoundation: 216162199b28c13a410421893ffa2e32 -> 
  custom:CustomObjectIndexerAttribute: 756ad292c208cfabdd7b50bc23989ffe -> 
  custom:container-demuxer-webm: 4f35f7cbe854078d1ac9338744f61a02 -> 
  custom:container-muxer-webm: aa71ff27fc2769a1b78a27578f13a17b -> 
  custom:video-decoder-webm-vp8: 9c59270c3fd7afecdb556c50c9e8de78 -> 
  custom:SearchIndexIgnoredProperties: e643bd26f0fe6173181afceb89e7c659 -> 
  custom:AudioImporter_EditorPlatform: d09bf68614088b80899f8185d706f6e7 -> 
  custom:video-encoder-webm-vp8: eb34c28f22e8b96e1ab97ce403110664 -> 
  custom:audio-decoder-ogg-vorbis: bf7c407c2cedff20999df2af8eb42d56 -> 
  custom:audio-encoder-webm-vorbis: bf7c407c2cedff20999df2af8eb42d56 -> 
========================================================================
Received Import Request.
  Time since last request: 9.733811 seconds.
  path: Assets/modular_house_collection/Prop_Bathroom_Toilet_Paper_Dispenser.obj
  artifactKey: Guid(dc957c0e55ac41b4db420737eb69d11b) Importer(815301076,1909f56bfc062723c751e8b465ee728b)
Start importing Assets/modular_house_collection/Prop_Bathroom_Toilet_Paper_Dispenser.obj using Guid(dc957c0e55ac41b4db420737eb69d11b) Importer(815301076,1909f56bfc062723c751e8b465ee728b)  -> (artifact id: '68c23e8b2b59051e535c21377388f9ea') in 0.068753 seconds
Number of updated asset objects reloaded before import = 0
Number of asset objects unloaded after import = 12
========================================================================
Received Import Request.
  Time since last request: 0.000036 seconds.
  path: Assets/modular_house_collection/Prop_Bathroom_Towel_Rack_Stocked.obj
  artifactKey: Guid(9547ab34edf66f84a9cfe713b80d948a) Importer(815301076,1909f56bfc062723c751e8b465ee728b)
Start importing Assets/modular_house_collection/Prop_Bathroom_Towel_Rack_Stocked.obj using Guid(9547ab34edf66f84a9cfe713b80d948a) Importer(815301076,1909f56bfc062723c751e8b465ee728b)  -> (artifact id: '643eecb5bbef88e9a27f1fdfb5cdf48b') in 0.046764 seconds
Number of updated asset objects reloaded before import = 0
Number of asset objects unloaded after import = 17
========================================================================
Received Import Request.
  Time since last request: 0.000029 seconds.
  path: Assets/modular_house_collection/Prop_Kitchen_Bar_Stool.obj
  artifactKey: Guid(e9dd1c4a579ccba499b514d779f1d1b3) Importer(815301076,1909f56bfc062723c751e8b465ee728b)
Start importing Assets/modular_house_collection/Prop_Kitchen_Bar_Stool.obj using Guid(e9dd1c4a579ccba499b514d779f1d1b3) Importer(815301076,1909f56bfc062723c751e8b465ee728b)  -> (artifact id: '9a770eb1600280e63cdefa8b0df9e8c6') in 0.040182 seconds
Number of updated asset objects reloaded before import = 0
Number of asset objects unloaded after import = 12
========================================================================
Received Import Request.
  Time since last request: 0.000037 seconds.
  path: Assets/modular_house_collection/Prop_Kitchen_Microwave.obj
  artifactKey: Guid(9fe6b3e4e37f7c24ab7ecda065ea7b06) Importer(815301076,1909f56bfc062723c751e8b465ee728b)
Start importing Assets/modular_house_collection/Prop_Kitchen_Microwave.obj using Guid(9fe6b3e4e37f7c24ab7ecda065ea7b06) Importer(815301076,1909f56bfc062723c751e8b465ee728b)  -> (artifact id: '2cfd7154f7eab7bb95f5bc7a14e64f2c') in 0.039806 seconds
Number of updated asset objects reloaded before import = 0
Number of asset objects unloaded after import = 16
========================================================================
Received Import Request.
  Time since last request: 0.000034 seconds.
  path: Assets/modular_house_collection/Prop_Dining_Room_Table_Modular_Side.obj
  artifactKey: Guid(8b4521776ab7f1e4b973178c01f3a699) Importer(815301076,1909f56bfc062723c751e8b465ee728b)
Start importing Assets/modular_house_collection/Prop_Dining_Room_Table_Modular_Side.obj using Guid(8b4521776ab7f1e4b973178c01f3a699) Importer(815301076,1909f56bfc062723c751e8b465ee728b)  -> (artifact id: '10af0ac5fd5e1ade723c7f855b400c3b') in 0.038003 seconds
Number of updated asset objects reloaded before import = 0
Number of asset objects unloaded after import = 11
========================================================================
Received Import Request.
  Time since last request: 0.000015 seconds.
  path: Assets/modular_house_collection/Prop_Fireplace.obj
  artifactKey: Guid(392ef2ae98289854097bd72d2a499f36) Importer(815301076,1909f56bfc062723c751e8b465ee728b)
Start importing Assets/modular_house_collection/Prop_Fireplace.obj using Guid(392ef2ae98289854097bd72d2a499f36) Importer(815301076,1909f56bfc062723c751e8b465ee728b)  -> (artifact id: 'ea29f7660abf0b183c8952d6dd04d49c') in 0.081431 seconds
Number of updated asset objects reloaded before import = 0
Number of asset objects unloaded after import = 33
========================================================================
Received Import Request.
  Time since last request: 0.000022 seconds.
  path: Assets/modular_house_collection/Prop_Dining_Room_Chair.obj
  artifactKey: Guid(0d80eca3623d1eb41a359f93997f39d3) Importer(815301076,1909f56bfc062723c751e8b465ee728b)
Start importing Assets/modular_house_collection/Prop_Dining_Room_Chair.obj using Guid(0d80eca3623d1eb41a359f93997f39d3) Importer(815301076,1909f56bfc062723c751e8b465ee728b)  -> (artifact id: '20e2544318dccbb3fedf2a0b20875081') in 0.035964 seconds
Number of updated asset objects reloaded before import = 0
Number of asset objects unloaded after import = 11
========================================================================
Received Import Request.
  Time since last request: 0.000016 seconds.
  path: Assets/modular_house_collection/Prop_Exterior_Shutter_Raised_Panel.obj
  artifactKey: Guid(9b73827e14ef3404e9cd2e61ed9e6018) Importer(815301076,1909f56bfc062723c751e8b465ee728b)
Start importing Assets/modular_house_collection/Prop_Exterior_Shutter_Raised_Panel.obj using Guid(9b73827e14ef3404e9cd2e61ed9e6018) Importer(815301076,1909f56bfc062723c751e8b465ee728b)  -> (artifact id: '31009e03bd99265ff17088ce38278132') in 0.030050 seconds
Number of updated asset objects reloaded before import = 0
Number of asset objects unloaded after import = 10
========================================================================
Received Import Request.
  Time since last request: 3.355033 seconds.
  path: Assets/modular_house_collection/Prop_Living_Room_Modular_Couch_Leg_Rest.obj
  artifactKey: Guid(4eebefa4e050e7b45b99840bdf20e7a1) Importer(815301076,1909f56bfc062723c751e8b465ee728b)
Start importing Assets/modular_house_collection/Prop_Living_Room_Modular_Couch_Leg_Rest.obj using Guid(4eebefa4e050e7b45b99840bdf20e7a1) Importer(815301076,1909f56bfc062723c751e8b465ee728b)  -> (artifact id: 'fc7bf68bf7a82c84839d69587d2d6198') in 0.054075 seconds
Number of updated asset objects reloaded before import = 0
Number of asset objects unloaded after import = 16
========================================================================
Received Import Request.
  Time since last request: 0.000033 seconds.
  path: Assets/modular_house_collection/Prop_Misc_Ceiling_Fan_6.obj
  artifactKey: Guid(934b0323642a7d04190b6e0fd0f30d03) Importer(815301076,1909f56bfc062723c751e8b465ee728b)
Start importing Assets/modular_house_collection/Prop_Misc_Ceiling_Fan_6.obj using Guid(934b0323642a7d04190b6e0fd0f30d03) Importer(815301076,1909f56bfc062723c751e8b465ee728b)  -> (artifact id: 'e354a006b1b5165c26e970bd780acfd2') in 0.251256 seconds
Number of updated asset objects reloaded before import = 0
Number of asset objects unloaded after import = 120
========================================================================
Received Import Request.
  Time since last request: 0.000016 seconds.
  path: Assets/modular_house_collection/Prop_Misc_Picture_Portrait.obj
  artifactKey: Guid(bbb72e8ac2d71d248a5ed2b1b4f3aa49) Importer(815301076,1909f56bfc062723c751e8b465ee728b)
Start importing Assets/modular_house_collection/Prop_Misc_Picture_Portrait.obj using Guid(bbb72e8ac2d71d248a5ed2b1b4f3aa49) Importer(815301076,1909f56bfc062723c751e8b465ee728b)  -> (artifact id: 'cc21ffef64d51d0338acce60d0b0af29') in 0.039310 seconds
Number of updated asset objects reloaded before import = 0
Number of asset objects unloaded after import = 16
========================================================================
Received Import Request.
  Time since last request: 0.000033 seconds.
  path: Assets/modular_house_collection/Structure_Balcony_1_Edge.obj
  artifactKey: Guid(f823e6d89673ac84fb34824ca7d99a4d) Importer(815301076,1909f56bfc062723c751e8b465ee728b)
Start importing Assets/modular_house_collection/Structure_Balcony_1_Edge.obj using Guid(f823e6d89673ac84fb34824ca7d99a4d) Importer(815301076,1909f56bfc062723c751e8b465ee728b)  -> (artifact id: '0afa11a04ddd4c1192678d2624560d29') in 0.040870 seconds
Number of updated asset objects reloaded before import = 0
Number of asset objects unloaded after import = 12
========================================================================
Received Import Request.
  Time since last request: 0.000023 seconds.
  path: Assets/modular_house_collection/Prop_Misc_Rug_Rectangle.obj
  artifactKey: Guid(9fae37ff0da2d9c4e98f5b0fe8e20b10) Importer(815301076,1909f56bfc062723c751e8b465ee728b)
Start importing Assets/modular_house_collection/Prop_Misc_Rug_Rectangle.obj using Guid(9fae37ff0da2d9c4e98f5b0fe8e20b10) Importer(815301076,1909f56bfc062723c751e8b465ee728b)  -> (artifact id: '7cc67babb9a470a3af3148de0e1be326') in 0.033666 seconds
Number of updated asset objects reloaded before import = 0
Number of asset objects unloaded after import = 11
========================================================================
Received Import Request.
  Time since last request: 0.000024 seconds.
  path: Assets/modular_house_collection/Prop_Misc_Ceiling_Light_Large.obj
  artifactKey: Guid(b5acb760afd79e744b68bc87f5e9bd3b) Importer(815301076,1909f56bfc062723c751e8b465ee728b)
Start importing Assets/modular_house_collection/Prop_Misc_Ceiling_Light_Large.obj using Guid(b5acb760afd79e744b68bc87f5e9bd3b) Importer(815301076,1909f56bfc062723c751e8b465ee728b)  -> (artifact id: 'be2b60fa12d1682e96e7104974c1f996') in 0.045489 seconds
Number of updated asset objects reloaded before import = 0
Number of asset objects unloaded after import = 16
========================================================================
Received Import Request.
  Time since last request: 0.000062 seconds.
  path: Assets/modular_house_collection/Structure_Balcony_3_Edges.obj
  artifactKey: Guid(7559005160cf1cc478e5af051a34cceb) Importer(815301076,1909f56bfc062723c751e8b465ee728b)
Start importing Assets/modular_house_collection/Structure_Balcony_3_Edges.obj using Guid(7559005160cf1cc478e5af051a34cceb) Importer(815301076,1909f56bfc062723c751e8b465ee728b)  -> (artifact id: 'abc09c6d550818aacb7f8525f6fff6cb') in 0.036168 seconds
Number of updated asset objects reloaded before import = 0
Number of asset objects unloaded after import = 12
========================================================================
Received Import Request.
  Time since last request: 0.309047 seconds.
  path: Assets/modular_house_collection/Structure_Exterior_Door.obj
  artifactKey: Guid(73ad1ef9e6c987a4384b16e237aaac76) Importer(815301076,1909f56bfc062723c751e8b465ee728b)
Start importing Assets/modular_house_collection/Structure_Exterior_Door.obj using Guid(73ad1ef9e6c987a4384b16e237aaac76) Importer(815301076,1909f56bfc062723c751e8b465ee728b)  -> (artifact id: '2e5b087344708392228ebe3630cc74be') in 0.058784 seconds
Number of updated asset objects reloaded before import = 0
Number of asset objects unloaded after import = 31
========================================================================
Received Import Request.
  Time since last request: 0.000057 seconds.
  path: Assets/modular_house_collection/Structure_Exterior_Doorway_Sidelight.obj
  artifactKey: Guid(e276b8d1941570b4da434d5b94e967c2) Importer(815301076,1909f56bfc062723c751e8b465ee728b)
Start importing Assets/modular_house_collection/Structure_Exterior_Doorway_Sidelight.obj using Guid(e276b8d1941570b4da434d5b94e967c2) Importer(815301076,1909f56bfc062723c751e8b465ee728b)  -> (artifact id: 'f9ee8c2a709dbd8f5a1e474944b4c1ee') in 0.035493 seconds
Number of updated asset objects reloaded before import = 0
Number of asset objects unloaded after import = 13
========================================================================
Received Import Request.
  Time since last request: 2.062817 seconds.
  path: Assets/modular_house_collection/Structure_Kitchen_Bar_Center.obj
  artifactKey: Guid(5aae3353124f1014a94b92355787a2df) Importer(815301076,1909f56bfc062723c751e8b465ee728b)
Start importing Assets/modular_house_collection/Structure_Kitchen_Bar_Center.obj using Guid(5aae3353124f1014a94b92355787a2df) Importer(815301076,1909f56bfc062723c751e8b465ee728b)  -> (artifact id: 'dc5519d4a6a135b1fe32a7f470017b35') in 0.047203 seconds
Number of updated asset objects reloaded before import = 0
Number of asset objects unloaded after import = 11
========================================================================
Received Import Request.
  Time since last request: 0.000020 seconds.
  path: Assets/modular_house_collection/Structure_Kitchen_Bar_Corner_Outer.obj
  artifactKey: Guid(d6573921ce2834f4184661703ea8b526) Importer(815301076,1909f56bfc062723c751e8b465ee728b)
Start importing Assets/modular_house_collection/Structure_Kitchen_Bar_Corner_Outer.obj using Guid(d6573921ce2834f4184661703ea8b526) Importer(815301076,1909f56bfc062723c751e8b465ee728b)  -> (artifact id: 'd0cd9840e17649e348c9065471d57dc7') in 0.091386 seconds
Number of updated asset objects reloaded before import = 0
Number of asset objects unloaded after import = 28
========================================================================
Received Import Request.
  Time since last request: 4.460244 seconds.
  path: Assets/modular_house_collection/Structure_Kitchen_Cabinet_Base_Half.obj
  artifactKey: Guid(7399653416c7ea84ea8576d970dc6131) Importer(815301076,1909f56bfc062723c751e8b465ee728b)
Start importing Assets/modular_house_collection/Structure_Kitchen_Cabinet_Base_Half.obj using Guid(7399653416c7ea84ea8576d970dc6131) Importer(815301076,1909f56bfc062723c751e8b465ee728b)  -> (artifact id: 'ffd2f80740dc374174296d640083a466') in 0.103075 seconds
Number of updated asset objects reloaded before import = 0
Number of asset objects unloaded after import = 33
========================================================================
Received Import Request.
  Time since last request: 0.000020 seconds.
  path: Assets/modular_house_collection/Structure_Kitchen_Cabinet_Side_Shelves.obj
  artifactKey: Guid(04ade5dbf10b69645b1190f3a2c349ad) Importer(815301076,1909f56bfc062723c751e8b465ee728b)
Start importing Assets/modular_house_collection/Structure_Kitchen_Cabinet_Side_Shelves.obj using Guid(04ade5dbf10b69645b1190f3a2c349ad) Importer(815301076,1909f56bfc062723c751e8b465ee728b)  -> (artifact id: '682aaf5cb1cc40103f971ef6b16fa1b3') in 0.055669 seconds
Number of updated asset objects reloaded before import = 0
Number of asset objects unloaded after import = 20
========================================================================
Received Import Request.
  Time since last request: 0.000028 seconds.
  path: Assets/modular_house_collection/Structure_Kitchen_Cabinet_Wall_Full.obj
  artifactKey: Guid(bcaa4e4ea1441c1418ad68ffb9af0956) Importer(815301076,1909f56bfc062723c751e8b465ee728b)
Start importing Assets/modular_house_collection/Structure_Kitchen_Cabinet_Wall_Full.obj using Guid(bcaa4e4ea1441c1418ad68ffb9af0956) Importer(815301076,1909f56bfc062723c751e8b465ee728b)  -> (artifact id: '177176e90e7b3a7fa9d18a56738a4e32') in 0.057979 seconds
Number of updated asset objects reloaded before import = 0
Number of asset objects unloaded after import = 32
========================================================================
Received Import Request.
  Time since last request: 1.749090 seconds.
  path: Assets/modular_house_collection/Structure_Roof_Center_Eave.obj
  artifactKey: Guid(e7b15f887f0de31449d5fa423a20a8fa) Importer(815301076,1909f56bfc062723c751e8b465ee728b)
Start importing Assets/modular_house_collection/Structure_Roof_Center_Eave.obj using Guid(e7b15f887f0de31449d5fa423a20a8fa) Importer(815301076,1909f56bfc062723c751e8b465ee728b)  -> (artifact id: '0aa107c594aab5a465a95d6a53025c23') in 0.041533 seconds
Number of updated asset objects reloaded before import = 0
Number of asset objects unloaded after import = 11
========================================================================
Received Import Request.
  Time since last request: 0.000023 seconds.
  path: Assets/modular_house_collection/Structure_Roof_Edge_Eave.obj
  artifactKey: Guid(7dc9aeee977cbbd4288caca123912745) Importer(815301076,1909f56bfc062723c751e8b465ee728b)
Start importing Assets/modular_house_collection/Structure_Roof_Edge_Eave.obj using Guid(7dc9aeee977cbbd4288caca123912745) Importer(815301076,1909f56bfc062723c751e8b465ee728b)  -> (artifact id: '51857032a6ac40ad20720f23a8266939') in 0.063582 seconds
Number of updated asset objects reloaded before import = 0
Number of asset objects unloaded after import = 14
========================================================================
Received Import Request.
  Time since last request: 0.000029 seconds.
  path: Assets/modular_house_collection/Structure_Stairs_Railing_Rising_Straight.obj
  artifactKey: Guid(a897eade93b2e20449ef5ea12e3e87f7) Importer(815301076,1909f56bfc062723c751e8b465ee728b)
Start importing Assets/modular_house_collection/Structure_Stairs_Railing_Rising_Straight.obj using Guid(a897eade93b2e20449ef5ea12e3e87f7) Importer(815301076,1909f56bfc062723c751e8b465ee728b)  -> (artifact id: '859600c3e3de3dbb3fc132706a467b4a') in 0.037761 seconds
Number of updated asset objects reloaded before import = 0
Number of asset objects unloaded after import = 11
========================================================================
Received Import Request.
  Time since last request: 0.000020 seconds.
  path: Assets/modular_house_collection/Structure_Stairs_Railing_Peg.obj
  artifactKey: Guid(30c7ae5e2ee47b94983203b4fcf0e10b) Importer(815301076,1909f56bfc062723c751e8b465ee728b)
Start importing Assets/modular_house_collection/Structure_Stairs_Railing_Peg.obj using Guid(30c7ae5e2ee47b94983203b4fcf0e10b) Importer(815301076,1909f56bfc062723c751e8b465ee728b)  -> (artifact id: '2801e46ff3651de109f3d1e837b103a0') in 0.032000 seconds
Number of updated asset objects reloaded before import = 0
Number of asset objects unloaded after import = 10
========================================================================
Received Import Request.
  Time since last request: 0.000027 seconds.
  path: Assets/modular_house_collection/Structure_Stairs_Railing_Landing_Side.obj
  artifactKey: Guid(b70afe9e489250643bea11e00f8530ae) Importer(815301076,1909f56bfc062723c751e8b465ee728b)
Start importing Assets/modular_house_collection/Structure_Stairs_Railing_Landing_Side.obj using Guid(b70afe9e489250643bea11e00f8530ae) Importer(815301076,1909f56bfc062723c751e8b465ee728b)  -> (artifact id: 'caee2f39a1b0f1b9b624dfc1a8a9d20b') in 0.038035 seconds
Number of updated asset objects reloaded before import = 0
Number of asset objects unloaded after import = 11
========================================================================
Received Import Request.
  Time since last request: 0.374512 seconds.
  path: Assets/modular_house_collection/Structure_Wall_Curved_Large_Top.obj
  artifactKey: Guid(eb6e1a15204223a4fb92de1e71f47e58) Importer(815301076,1909f56bfc062723c751e8b465ee728b)
Start importing Assets/modular_house_collection/Structure_Wall_Curved_Large_Top.obj using Guid(eb6e1a15204223a4fb92de1e71f47e58) Importer(815301076,1909f56bfc062723c751e8b465ee728b)  -> (artifact id: '14cbbeb6c12b0420d0dd352872348ded') in 0.024036 seconds
Number of updated asset objects reloaded before import = 0
Number of asset objects unloaded after import = 10
========================================================================
Received Import Request.
  Time since last request: 0.000020 seconds.
  path: Assets/modular_house_collection/Structure_Wall_Curved_Small_Top.obj
  artifactKey: Guid(084e6f0e980e4d7428925c35a757e968) Importer(815301076,1909f56bfc062723c751e8b465ee728b)
Start importing Assets/modular_house_collection/Structure_Wall_Curved_Small_Top.obj using Guid(084e6f0e980e4d7428925c35a757e968) Importer(815301076,1909f56bfc062723c751e8b465ee728b)  -> (artifact id: '755d418dc959211f564d0438935648f3') in 0.029257 seconds
Number of updated asset objects reloaded before import = 0
Number of asset objects unloaded after import = 10
========================================================================
Received Import Request.
  Time since last request: 0.464154 seconds.
  path: Assets/modular_house_collection/Structure_Wall_Inner_Joint_Main.obj
  artifactKey: Guid(e897225f7aa7dff45897757803c09bb9) Importer(815301076,1909f56bfc062723c751e8b465ee728b)
Start importing Assets/modular_house_collection/Structure_Wall_Inner_Joint_Main.obj using Guid(e897225f7aa7dff45897757803c09bb9) Importer(815301076,1909f56bfc062723c751e8b465ee728b)  -> (artifact id: '5bbfa0be33ed72e262e76fa621aecb99') in 0.044948 seconds
Number of updated asset objects reloaded before import = 0
Number of asset objects unloaded after import = 12
========================================================================
Received Import Request.
  Time since last request: 0.000024 seconds.
  path: Assets/modular_house_collection/Structure_Wall_Straight_Base.obj
  artifactKey: Guid(359cff1bdae533e47a740e18a824f2c0) Importer(815301076,1909f56bfc062723c751e8b465ee728b)
Start importing Assets/modular_house_collection/Structure_Wall_Straight_Base.obj using Guid(359cff1bdae533e47a740e18a824f2c0) Importer(815301076,1909f56bfc062723c751e8b465ee728b)  -> (artifact id: 'ae430e5a02320ffb0ea89d37c3336eb1') in 0.028883 seconds
Number of updated asset objects reloaded before import = 0
Number of asset objects unloaded after import = 10
